0 info it worked if it ends with ok
1 verbose cli [ '/usr/local/bin/iojs', '/usr/local/bin/npm', 'publish' ]
2 info using npm@2.7.6
3 info using node@v1.7.1
4 verbose publish [ '.' ]
5 silly cache add args [ '.', null ]
6 verbose cache add spec .
7 silly cache add parsed spec { raw: '.',
7 silly cache add   scope: null,
7 silly cache add   name: null,
7 silly cache add   rawSpec: '.',
7 silly cache add   spec: '/Users/zenjayjay/myproject/npm/QiniuCDN',
7 silly cache add   type: 'directory' }
8 verbose addLocalDirectory /Users/zenjayjay/.npm/gulp-qiniu-cdn/1.0.0/package.tgz not in flight; packing
9 verbose tar pack [ '/Users/zenjayjay/.npm/gulp-qiniu-cdn/1.0.0/package.tgz',
9 verbose tar pack   '/Users/zenjayjay/myproject/npm/QiniuCDN' ]
10 verbose tarball /Users/zenjayjay/.npm/gulp-qiniu-cdn/1.0.0/package.tgz
11 verbose folder /Users/zenjayjay/myproject/npm/QiniuCDN
12 info prepublish gulp-qiniu-cdn@1.0.0
13 verbose addLocalTarball adding from inside cache /Users/zenjayjay/.npm/gulp-qiniu-cdn/1.0.0/package.tgz
14 silly cache afterAdd gulp-qiniu-cdn@1.0.0
15 verbose afterAdd /Users/zenjayjay/.npm/gulp-qiniu-cdn/1.0.0/package/package.json not in flight; writing
16 verbose afterAdd /Users/zenjayjay/.npm/gulp-qiniu-cdn/1.0.0/package/package.json written
17 silly publish { name: 'gulp-qiniu-cdn',
17 silly publish   version: '1.0.0',
17 silly publish   description: 'gulp plugin for qiniu to upload file stream.',
17 silly publish   main: 'index.js',
17 silly publish   scripts: { test: 'echo "Error: no test specified" && exit 1' },
17 silly publish   repository:
17 silly publish    { type: 'git',
17 silly publish      url: 'git+https://github.com/yesvods/gulp-qiniu-cdn' },
17 silly publish   keywords: [ 'gulpplugin', 'gulp', 'qiniu', 'cdn', 'upload' ],
17 silly publish   author:
17 silly publish    { name: 'Jogis',
17 silly publish      email: 'zenjayjay@gmail.com',
17 silly publish      url: 'https://github.com/yesvods' },
17 silly publish   license: 'MIT',
17 silly publish   dependencies: { qiniu: '^6.1.7', through2: '^0.6.5' },
17 silly publish   readme: 'ERROR: No README data found!',
17 silly publish   readmeFilename: 'README.md',
17 silly publish   gitHead: '2e8de216d5902ba8d62fb9f2d7efc6431eaf5514',
17 silly publish   bugs: { url: 'https://github.com/yesvods/gulp-qiniu-cdn/issues' },
17 silly publish   homepage: 'https://github.com/yesvods/gulp-qiniu-cdn',
17 silly publish   _id: 'gulp-qiniu-cdn@1.0.0',
17 silly publish   _shasum: 'f67dc44326ceac7d6ceac9e6cad9ff6c3d694e15',
17 silly publish   _from: '.' }
18 silly mapToRegistry name gulp-qiniu-cdn
19 silly mapToRegistry using default registry
20 silly mapToRegistry registry http://registry.npm.taobao.org/
21 silly mapToRegistry uri http://registry.npm.taobao.org/gulp-qiniu-cdn
22 verbose publish registryBase http://registry.npm.taobao.org/
23 silly publish uploading /Users/zenjayjay/.npm/gulp-qiniu-cdn/1.0.0/package.tgz
24 verbose request uri http://registry.npm.taobao.org/gulp-qiniu-cdn
25 verbose request sending authorization for write operation
26 info attempt registry request try #1 at 18:30:47
27 verbose request id 458128b9820e30e8
28 http request PUT http://registry.npm.taobao.org/gulp-qiniu-cdn
29 http 403 http://registry.npm.taobao.org/gulp-qiniu-cdn
30 verbose headers { server: 'nginx/1.1.19',
30 verbose headers   date: 'Mon, 11 May 2015 10:30:47 GMT',
30 verbose headers   'content-type': 'application/json; charset=utf-8',
30 verbose headers   'transfer-encoding': 'chunked',
30 verbose headers   connection: 'keep-alive',
30 verbose headers   'x-readtime': '9',
30 verbose headers   'content-encoding': 'gzip' }
31 verbose request invalidating /Users/zenjayjay/.npm/registry.npm.taobao.org/gulp-qiniu-cdn on PUT
32 error publish Failed PUT 403
33 verbose stack Error: no_perms Private mode enable, only admin can publish this module: gulp-qiniu-cdn
33 verbose stack     at CachingRegistryClient.<anonymous> (/usr/local/lib/node_modules/npm/node_modules/npm-registry-client/lib/request.js:247:14)
33 verbose stack     at /usr/local/lib/node_modules/npm/node_modules/npm-registry-client/lib/request.js:176:7
33 verbose stack     at Gunzip.onEnd (zlib.js:214:5)
33 verbose stack     at emitNone (events.js:72:20)
33 verbose stack     at Gunzip.emit (events.js:163:7)
33 verbose stack     at _stream_readable.js:891:16
33 verbose stack     at process._tickCallback (node.js:340:13)
34 verbose statusCode 403
35 verbose pkgid gulp-qiniu-cdn
36 verbose cwd /Users/zenjayjay/myproject/npm/QiniuCDN
37 error Darwin 14.1.0
38 error argv "/usr/local/bin/iojs" "/usr/local/bin/npm" "publish"
39 error node v1.7.1
40 error npm  v2.7.6
41 error code E403
42 error no_perms Private mode enable, only admin can publish this module: gulp-qiniu-cdn
43 error If you need help, you may report this error at:
43 error     <https://github.com/npm/npm/issues>
44 verbose exit [ 1, true ]
